ID: 143BN_BB_1
De-novo Insertions:
2|1.00|TRBV4-2|T cell receptor beta variable 4-2
2|2.00|OR8U1|olfactory receptor family 8 subfamily U member 1
1|1.00|ZNF865|zinc finger protein 865
1|0.50|TRBV3-1|T cell receptor beta variable 3-1
1|0.50|TMUB1|transmembrane and ubiquitin like domain containing 1
1|1.00|LOR|loricrin
1|1.00|KRTAP4-5|keratin associated protein 4-5
1|1.00|HRCT1|histidine rich carboxyl terminus 1
1|0.50|DUX4L4|double homeobox 4 like 4
1|0.50|CTD-2105E13.6|CTD-2105E13.6
1|1.00|C16orf3|C16orf3
Heterozygous Insertions:
7|0.54|MUC3A|mucin 3A, cell surface associated
2|2.00|OR8U1|olfactory receptor family 8 subfamily U member 1
1|0.50|TRBV7-7|T cell receptor beta variable 7-7
1|0.50|TRBV7-3|T cell receptor beta variable 7-3
1|0.50|TRBV6-5|T cell receptor beta variable 6-5
1|1.00|TAS2R19|taste 2 receptor member 19
1|1.00|OR4C5|olfactory receptor family 4 subfamily C member 5 (gene/pseudogene)
1|0.50|KRTAP9-1|keratin associated protein 9-1
1|0.50|IGHV5-51|immunoglobulin heavy variable 5-51
1|0.50|IGHV1-3|immunoglobulin heavy variable 1-3
1|0.50|CTD-2105E13.6|CTD-2105E13.6
Homozygous Insertions:
26|2.00|MUC3A|mucin 3A, cell surface associated
6|6.00|OR8U1|olfactory receptor family 8 subfamily U member 1
2|1.00|TRBV6-5|T cell receptor beta variable 6-5
2|2.00|OR4C5|olfactory receptor family 4 subfamily C member 5 (gene/pseudogene)
2|0.67|NUDT18|nudix hydrolase 18
2|1.00|FOXO6|forkhead box O6
2|0.67|FAM101A|FAM101A
2|2.00|EPPK1|epiplakin 1
2|0.50|DYNAP|dynactin associated protein
1|0.50|TRBV7-7|T cell receptor beta variable 7-7
1|0.50|TRBV6-7|T cell receptor beta variable 6-7 (non-functional)
1|0.50|TRBV5-4|T cell receptor beta variable 5-4
1|0.50|TRBV3-1|T cell receptor beta variable 3-1
1|0.50|TRBV10-1|T cell receptor beta variable 10-1(gene/pseudogene)
1|0.50|KRTAP9-1|keratin associated protein 9-1
1|0.50|DUX4L4|double homeobox 4 like 4
1|1.00|AL445989.1|AL445989.1
