ID: 167BZ_SP_1
De-novo Insertions:
2|2.00|PABPC3|poly(A) binding protein cytoplasmic 3
2|0.50|MUC15|mucin 15, cell surface associated
2|2.00|C16orf3|C16orf3
1|1.00|ZNF865|zinc finger protein 865
1|0.50|TRBV4-2|T cell receptor beta variable 4-2
1|1.00|RP11-156E8.1|RP11-156E8.1
1|1.00|OR12D1P|OR12D1P
1|1.00|KRTAP5-5|keratin associated protein 5-5
1|0.50|IGHV5-51|immunoglobulin heavy variable 5-51
1|1.00|HRCT1|histidine rich carboxyl terminus 1
1|0.50|CTD-2105E13.6|CTD-2105E13.6
1|1.00|AL589765.1|AL589765.1
Heterozygous Insertions:
2|0.67|TMEM247|transmembrane protein 247
2|0.67|AC104057.1|AC104057.1
1|0.50|TRBV10-1|T cell receptor beta variable 10-1(gene/pseudogene)
1|1.00|RBMXL3|RNA binding motif protein, X-linked like 3
1|1.00|KRTAP5-7|keratin associated protein 5-7
1|1.00|KRTAP1-3|keratin associated protein 1-3
1|1.00|CHRM4|cholinergic receptor muscarinic 4
1|1.00|AP003733.1|AP003733.1
1|1.00|AL138815.2|AL138815.2
Homozygous Insertions:
27|2.08|MUC3A|mucin 3A, cell surface associated
6|6.00|OR8U1|olfactory receptor family 8 subfamily U member 1
3|1.50|TRBV6-5|T cell receptor beta variable 6-5
3|3.00|OR4C5|olfactory receptor family 4 subfamily C member 5 (gene/pseudogene)
2|1.00|KRTAP9-1|keratin associated protein 9-1
2|1.00|FOXO6|forkhead box O6
2|0.67|FAM101A|FAM101A
2|2.00|EPPK1|epiplakin 1
2|0.50|DYNAP|dynactin associated protein
2|1.00|DUX4L4|double homeobox 4 like 4
2|2.00|AL138781.1|AL138781.1
1|0.50|TRBV6-7|T cell receptor beta variable 6-7 (non-functional)
1|0.50|TRBV5-4|T cell receptor beta variable 5-4
1|1.00|CHRM4|cholinergic receptor muscarinic 4
1|1.00|AL445989.1|AL445989.1
