ID: 260Z_AG_1
De-novo Insertions:
2|0.50|MUC22|mucin 22
2|2.00|CHRM4|cholinergic receptor muscarinic 4
2|2.00|C16orf3|C16orf3
1|1.00|OR8U1|olfactory receptor family 8 subfamily U member 1
1|0.50|MYPOP|Myb related transcription factor, partner of profilin
1|1.00|LCE4A|late cornified envelope 4A
1|0.50|KCNK15|potassium two pore domain channel subfamily K member 15
1|0.50|IGHV1-24|immunoglobulin heavy variable 1-24
1|0.50|HRNR|hornerin
1|1.00|C17orf96|chromosome 17 open reading frame 96
1|1.00|AC068620.1|AC068620.1
Heterozygous Insertions:
4|4.00|OR8U1|olfactory receptor family 8 subfamily U member 1
3|0.50|C9orf85|chromosome 9 open reading frame 85
2|2.00|RBMXL3|RNA binding motif protein, X-linked like 3
2|0.67|FGF20|fibroblast growth factor 20
2|1.00|DUX4L4|double homeobox 4 like 4
2|0.50|ARMCX4|armadillo repeat containing, X-linked 4
1|1.00|ZNF865|zinc finger protein 865
1|0.50|TRBV7-7|T cell receptor beta variable 7-7
1|0.50|TRBV6-5|T cell receptor beta variable 6-5
1|1.00|PABPC3|poly(A) binding protein cytoplasmic 3
1|0.50|LINC00955|long intergenic non-protein coding RNA 955
1|0.50|KRTAP9-1|keratin associated protein 9-1
1|1.00|KRTAP5-8|keratin associated protein 5-8
1|0.50|KRTAP5-10|keratin associated protein 5-10
1|0.50|GDF7|growth differentiation factor 7
1|1.00|DKFZP434H0512|DKFZP434H0512
1|0.50|CTD-2105E13.6|CTD-2105E13.6
1|1.00|AL589765.1|AL589765.1
1|1.00|AL138781.1|AL138781.1
1|0.50|AC139768.1|AC139768.1
Homozygous Insertions:
30|2.31|MUC3A|mucin 3A, cell surface associated
6|6.00|OR8U1|olfactory receptor family 8 subfamily U member 1
2|1.00|TRBV6-5|T cell receptor beta variable 6-5
2|2.00|OR4C5|olfactory receptor family 4 subfamily C member 5 (gene/pseudogene)
2|2.00|KRTAP5-7|keratin associated protein 5-7
2|1.00|FOXO6|forkhead box O6
2|0.67|FAM101A|FAM101A
2|2.00|EPPK1|epiplakin 1
2|0.50|DYNAP|dynactin associated protein
1|0.50|TRBV7-7|T cell receptor beta variable 7-7
1|0.50|TRBV7-3|T cell receptor beta variable 7-3
1|0.50|TRBV6-7|T cell receptor beta variable 6-7 (non-functional)
1|0.50|TRBV5-4|T cell receptor beta variable 5-4
1|0.50|TRBV10-2|T cell receptor beta variable 10-2
1|0.50|TRBV10-1|T cell receptor beta variable 10-1(gene/pseudogene)
1|0.50|KRTAP9-1|keratin associated protein 9-1
1|0.50|GDF7|growth differentiation factor 7
1|1.00|AL445989.1|AL445989.1
