ID: 297EW_BP_1
De-novo Insertions:
2|0.50|SNAPC2|small nuclear RNA activating complex polypeptide 2
2|2.00|LCE4A|late cornified envelope 4A
1|0.50|TRBV5-5|T cell receptor beta variable 5-5
1|1.00|NXNL1|nucleoredoxin-like 1
1|1.00|KRTAP4-5|keratin associated protein 4-5
1|1.00|AL445989.1|AL445989.1
1|1.00|AL138781.1|AL138781.1
Heterozygous Insertions:
2|0.67|NUDT18|nudix hydrolase 18
2|0.67|AC104057.1|AC104057.1
1|0.50|TRBV7-8|T cell receptor beta variable 7-8
1|0.50|TRBV6-5|T cell receptor beta variable 6-5
1|0.50|TRBV10-1|T cell receptor beta variable 10-1(gene/pseudogene)
1|1.00|OR8U1|olfactory receptor family 8 subfamily U member 1
1|1.00|OR52N1|olfactory receptor family 52 subfamily N member 1
1|1.00|KRTAP9-9|keratin associated protein 9-9
1|1.00|KRTAP5-7|keratin associated protein 5-7
1|1.00|KRTAP1-3|keratin associated protein 1-3
1|0.50|DUX4L4|double homeobox 4 like 4
1|0.50|CTD-2105E13.6|CTD-2105E13.6
1|1.00|CHRM4|cholinergic receptor muscarinic 4
1|0.50|B3GNT3|UDP-GlcNAc:betaGal beta-1,3-N-acetylglucosaminyltransferase 3
1|1.00|AL445989.1|AL445989.1
Homozygous Insertions:
25|1.92|MUC3A|mucin 3A, cell surface associated
9|9.00|OR8U1|olfactory receptor family 8 subfamily U member 1
3|3.00|OR4C5|olfactory receptor family 4 subfamily C member 5 (gene/pseudogene)
2|2.00|RBMXL3|RNA binding motif protein, X-linked like 3
2|1.00|KRTAP9-1|keratin associated protein 9-1
2|1.00|FOXO6|forkhead box O6
2|0.67|FAM101A|FAM101A
2|2.00|EPPK1|epiplakin 1
2|0.50|DYNAP|dynactin associated protein
1|0.50|TRBV7-7|T cell receptor beta variable 7-7
1|0.50|TRBV7-3|T cell receptor beta variable 7-3
1|0.50|TRBV6-7|T cell receptor beta variable 6-7 (non-functional)
1|0.50|TRBV6-5|T cell receptor beta variable 6-5
1|0.50|TRBV5-4|T cell receptor beta variable 5-4
1|0.50|TRBV10-1|T cell receptor beta variable 10-1(gene/pseudogene)
1|1.00|KRTAP5-5|keratin associated protein 5-5
1|0.50|DUX4L4|double homeobox 4 like 4
1|0.50|AC139768.1|AC139768.1
