ID: 59R_AM_1
De-novo Insertions:
2|0.50|ARMCX4|armadillo repeat containing, X-linked 4
1|0.50|TRBV4-2|T cell receptor beta variable 4-2
1|0.50|TRBV11-1|T cell receptor beta variable 11-1
1|1.00|TIGD1|tigger transposable element derived 1
1|1.00|KRTAP4-7|keratin associated protein 4-7
1|1.00|KRTAP4-5|keratin associated protein 4-5
1|0.50|HRNR|hornerin
1|1.00|HNRNPCL1|heterogeneous nuclear ribonucleoprotein C-like 1
1|0.50|CTB-78H18.1|CTB-78H18.1
1|1.00|AP003733.1|AP003733.1
1|1.00|AL138781.1|AL138781.1
Heterozygous Insertions:
2|1.00|TRBV7-7|T cell receptor beta variable 7-7
2|1.00|TRBV3-1|T cell receptor beta variable 3-1
2|2.00|KRTAP1-3|keratin associated protein 1-3
1|0.50|SELPLG|selectin P ligand
1|1.00|RBMXL3|RNA binding motif protein, X-linked like 3
1|1.00|OR8U1|olfactory receptor family 8 subfamily U member 1
1|1.00|GPRIN1|G protein regulated inducer of neurite outgrowth 1
Homozygous Insertions:
29|2.23|MUC3A|mucin 3A, cell surface associated
5|5.00|OR8U1|olfactory receptor family 8 subfamily U member 1
2|1.00|TRBV6-5|T cell receptor beta variable 6-5
2|2.00|OR4C5|olfactory receptor family 4 subfamily C member 5 (gene/pseudogene)
2|1.00|KRTAP9-1|keratin associated protein 9-1
2|2.00|KRTAP5-7|keratin associated protein 5-7
2|1.00|FOXO6|forkhead box O6
2|0.67|FAM101A|FAM101A
2|2.00|EPPK1|epiplakin 1
2|0.50|DYNAP|dynactin associated protein
1|0.50|TRBV7-3|T cell receptor beta variable 7-3
1|0.50|TRBV6-7|T cell receptor beta variable 6-7 (non-functional)
1|0.50|TRBV5-4|T cell receptor beta variable 5-4
1|0.50|TRBV10-1|T cell receptor beta variable 10-1(gene/pseudogene)
1|1.00|RBMXL3|RNA binding motif protein, X-linked like 3
1|1.00|OR52N1|olfactory receptor family 52 subfamily N member 1
1|0.50|IGHV5-51|immunoglobulin heavy variable 5-51
1|1.00|AL445989.1|AL445989.1
