ID: 79Z_CP_1
De-novo Insertions:
3|1.50|DUX4L4|double homeobox 4 like 4
2|0.50|SERPINA1|serpin family A member 1
2|0.67|NUDT18|nudix hydrolase 18
2|2.00|EPPK1|epiplakin 1
1|1.00|ZNF469|zinc finger protein 469
1|0.50|ZIC5|Zic family member 5
1|0.50|TRBV4-2|T cell receptor beta variable 4-2
1|0.50|TRBV3-1|T cell receptor beta variable 3-1
1|0.50|TRBV10-1|T cell receptor beta variable 10-1(gene/pseudogene)
1|1.00|OLIG1|oligodendrocyte transcription factor 1
1|1.00|NXNL1|nucleoredoxin-like 1
1|1.00|KRTAP5-4|keratin associated protein 5-4
1|1.00|KRTAP4-3|keratin associated protein 4-3
1|0.50|CTB-78H18.1|CTB-78H18.1
1|1.00|CRIPAK|cysteine rich PAK1 inhibitor
1|0.50|AC068039.1|AC068039.1
Heterozygous Insertions:
2|2.00|RBMXL3|RNA binding motif protein, X-linked like 3
2|2.00|OR8U1|olfactory receptor family 8 subfamily U member 1
2|0.67|FGF20|fibroblast growth factor 20
2|0.50|ARMCX4|armadillo repeat containing, X-linked 4
2|2.00|AL138781.1|AL138781.1
2|0.67|AC104057.1|AC104057.1
1|1.00|ZNF865|zinc finger protein 865
1|0.50|TRBV7-7|T cell receptor beta variable 7-7
1|0.50|TRBV6-5|T cell receptor beta variable 6-5
1|0.50|TRBV3-1|T cell receptor beta variable 3-1
1|1.00|PCDHA4|protocadherin alpha 4
1|1.00|LCE4A|late cornified envelope 4A
1|0.50|KRTAP9-1|keratin associated protein 9-1
1|1.00|KRTAP5-8|keratin associated protein 5-8
1|0.50|GDF7|growth differentiation factor 7
1|0.50|AC139768.1|AC139768.1
Homozygous Insertions:
30|2.31|MUC3A|mucin 3A, cell surface associated
6|6.00|OR8U1|olfactory receptor family 8 subfamily U member 1
2|1.00|TRBV6-5|T cell receptor beta variable 6-5
2|0.50|SERPINA1|serpin family A member 1
2|2.00|OR4C5|olfactory receptor family 4 subfamily C member 5 (gene/pseudogene)
2|2.00|KRTAP5-7|keratin associated protein 5-7
2|1.00|FOXO6|forkhead box O6
2|0.67|FAM101A|FAM101A
2|2.00|EPPK1|epiplakin 1
2|0.50|DYNAP|dynactin associated protein
1|0.50|TRBV7-7|T cell receptor beta variable 7-7
1|0.50|TRBV7-3|T cell receptor beta variable 7-3
1|0.50|TRBV6-7|T cell receptor beta variable 6-7 (non-functional)
1|0.50|TRBV5-4|T cell receptor beta variable 5-4
1|0.50|TRBV10-1|T cell receptor beta variable 10-1(gene/pseudogene)
1|0.50|KRTAP9-1|keratin associated protein 9-1
1|1.00|AP003733.1|AP003733.1
1|1.00|AL445989.1|AL445989.1
